0 info it worked if it ends with ok
1 verbose cli [
1 verbose cli   'C:\\Program Files\\nodejs\\node.exe',
1 verbose cli   'C:\\node_modules\\npm\\bin\\npm-cli.js',
1 verbose cli   'install',
1 verbose cli   '--save',
1 verbose cli   '--save-exact',
1 verbose cli   'react@16.13.1'
1 verbose cli ]
2 info using npm@2.15.12
3 info using node@v14.5.0
4 verbose install initial load of C:\reactnativedemo\Shop\package.json
5 verbose installManyTop reading scoped package data from C:\reactnativedemo\Shop\node_modules\abort-controller\package.json
6 verbose installManyTop reading scoped package data from C:\reactnativedemo\Shop\node_modules\absolute-path\package.json
7 verbose installManyTop reading scoped package data from C:\reactnativedemo\Shop\node_modules\accepts\package.json
8 verbose installManyTop reading scoped package data from C:\reactnativedemo\Shop\node_modules\anser\package.json
9 verbose installManyTop reading scoped package data from C:\reactnativedemo\Shop\node_modules\ansi-colors\package.json
10 verbose installManyTop reading scoped package data from C:\reactnativedemo\Shop\node_modules\ansi-cyan\package.json
11 verbose installManyTop reading scoped package data from C:\reactnativedemo\Shop\node_modules\ansi-escapes\package.json
12 verbose installManyTop reading scoped package data from C:\reactnativedemo\Shop\node_modules\ansi-fragments\package.json
13 verbose installManyTop reading scoped package data from C:\reactnativedemo\Shop\node_modules\ansi-gray\package.json
14 verbose installManyTop reading scoped package data from C:\reactnativedemo\Shop\node_modules\ansi-red\package.json
15 verbose installManyTop reading scoped package data from C:\reactnativedemo\Shop\node_modules\ansi-regex\package.json
16 verbose installManyTop reading scoped package data from C:\reactnativedemo\Shop\node_modules\ansi-styles\package.json
17 verbose installManyTop reading scoped package data from C:\reactnativedemo\Shop\node_modules\ansi-wrap\package.json
18 verbose installManyTop reading scoped package data from C:\reactnativedemo\Shop\node_modules\anymatch\package.json
19 verbose installManyTop reading scoped package data from C:\reactnativedemo\Shop\node_modules\argparse\package.json
20 verbose installManyTop reading scoped package data from C:\reactnativedemo\Shop\node_modules\arr-diff\package.json
21 verbose installManyTop reading scoped package data from C:\reactnativedemo\Shop\node_modules\arr-flatten\package.json
22 verbose installManyTop reading scoped package data from C:\reactnativedemo\Shop\node_modules\arr-union\package.json
23 verbose installManyTop reading scoped package data from C:\reactnativedemo\Shop\node_modules\array-filter\package.json
24 verbose installManyTop reading scoped package data from C:\reactnativedemo\Shop\node_modules\array-map\package.json
25 verbose installManyTop reading scoped package data from C:\reactnativedemo\Shop\node_modules\array-reduce\package.json
26 verbose installManyTop reading scoped package data from C:\reactnativedemo\Shop\node_modules\array-slice\package.json
27 verbose installManyTop reading scoped package data from C:\reactnativedemo\Shop\node_modules\array-unique\package.json
28 verbose installManyTop reading scoped package data from C:\reactnativedemo\Shop\node_modules\asap\package.json
29 verbose installManyTop reading scoped package data from C:\reactnativedemo\Shop\node_modules\assign-symbols\package.json
30 verbose installManyTop reading scoped package data from C:\reactnativedemo\Shop\node_modules\astral-regex\package.json
31 verbose installManyTop reading scoped package data from C:\reactnativedemo\Shop\node_modules\async\package.json
32 verbose installManyTop reading scoped package data from C:\reactnativedemo\Shop\node_modules\atob\package.json
33 verbose installManyTop reading scoped package data from C:\reactnativedemo\Shop\node_modules\babel-plugin-dynamic-import-node\package.json
34 verbose installManyTop reading scoped package data from C:\reactnativedemo\Shop\node_modules\babel-plugin-syntax-trailing-function-commas\package.json
35 verbose installManyTop reading scoped package data from C:\reactnativedemo\Shop\node_modules\babel-preset-fbjs\package.json
36 verbose installManyTop reading scoped package data from C:\reactnativedemo\Shop\node_modules\balanced-match\package.json
37 verbose installManyTop reading scoped package data from C:\reactnativedemo\Shop\node_modules\base\package.json
38 verbose installManyTop reading scoped package data from C:\reactnativedemo\Shop\node_modules\base64-js\package.json
39 verbose installManyTop reading scoped package data from C:\reactnativedemo\Shop\node_modules\big-integer\package.json
40 verbose installManyTop reading scoped package data from C:\reactnativedemo\Shop\node_modules\bindings\package.json
41 verbose installManyTop reading scoped package data from C:\reactnativedemo\Shop\node_modules\bplist-creator\package.json
42 verbose installManyTop reading scoped package data from C:\reactnativedemo\Shop\node_modules\bplist-parser\package.json
43 verbose installManyTop reading scoped package data from C:\reactnativedemo\Shop\node_modules\brace-expansion\package.json
44 verbose installManyTop reading scoped package data from C:\reactnativedemo\Shop\node_modules\braces\package.json
45 verbose installManyTop reading scoped package data from C:\reactnativedemo\Shop\node_modules\bser\package.json
46 verbose installManyTop reading scoped package data from C:\reactnativedemo\Shop\node_modules\buffer-crc32\package.json
47 verbose installManyTop reading scoped package data from C:\reactnativedemo\Shop\node_modules\buffer-from\package.json
48 verbose installManyTop reading scoped package data from C:\reactnativedemo\Shop\node_modules\bytes\package.json
49 verbose installManyTop reading scoped package data from C:\reactnativedemo\Shop\node_modules\cache-base\package.json
50 verbose installManyTop reading scoped package data from C:\reactnativedemo\Shop\node_modules\caller-callsite\package.json
51 verbose installManyTop reading scoped package data from C:\reactnativedemo\Shop\node_modules\caller-path\package.json
52 verbose installManyTop reading scoped package data from C:\reactnativedemo\Shop\node_modules\callsites\package.json
53 verbose installManyTop reading scoped package data from C:\reactnativedemo\Shop\node_modules\camelcase\package.json
54 verbose installManyTop reading scoped package data from C:\reactnativedemo\Shop\node_modules\capture-exit\package.json
55 verbose installManyTop reading scoped package data from C:\reactnativedemo\Shop\node_modules\chalk\package.json
56 verbose installManyTop reading scoped package data from C:\reactnativedemo\Shop\node_modules\chardet\package.json
57 verbose installManyTop reading scoped package data from C:\reactnativedemo\Shop\node_modules\ci-info\package.json
58 verbose installManyTop reading scoped package data from C:\reactnativedemo\Shop\node_modules\class-utils\package.json
59 verbose installManyTop reading scoped package data from C:\reactnativedemo\Shop\node_modules\cli-cursor\package.json
60 verbose installManyTop reading scoped package data from C:\reactnativedemo\Shop\node_modules\cli-spinners\package.json
61 verbose installManyTop reading scoped package data from C:\reactnativedemo\Shop\node_modules\cli-width\package.json
62 verbose installManyTop reading scoped package data from C:\reactnativedemo\Shop\node_modules\cliui\package.json
63 verbose installManyTop reading scoped package data from C:\reactnativedemo\Shop\node_modules\clone\package.json
64 verbose installManyTop reading scoped package data from C:\reactnativedemo\Shop\node_modules\collection-visit\package.json
65 verbose installManyTop reading scoped package data from C:\reactnativedemo\Shop\node_modules\color-convert\package.json
66 verbose installManyTop reading scoped package data from C:\reactnativedemo\Shop\node_modules\color-name\package.json
67 verbose installManyTop reading scoped package data from C:\reactnativedemo\Shop\node_modules\color-support\package.json
68 verbose installManyTop reading scoped package data from C:\reactnativedemo\Shop\node_modules\colorette\package.json
69 verbose installManyTop reading scoped package data from C:\reactnativedemo\Shop\node_modules\command-exists\package.json
70 verbose installManyTop reading scoped package data from C:\reactnativedemo\Shop\node_modules\commander\package.json
71 verbose installManyTop reading scoped package data from C:\reactnativedemo\Shop\node_modules\commondir\package.json
72 verbose installManyTop reading scoped package data from C:\reactnativedemo\Shop\node_modules\component-emitter\package.json
73 verbose installManyTop reading scoped package data from C:\reactnativedemo\Shop\node_modules\compressible\package.json
74 verbose installManyTop reading scoped package data from C:\reactnativedemo\Shop\node_modules\compression\package.json
75 verbose installManyTop reading scoped package data from C:\reactnativedemo\Shop\node_modules\concat-map\package.json
76 verbose installManyTop reading scoped package data from C:\reactnativedemo\Shop\node_modules\concat-stream\package.json
77 verbose installManyTop reading scoped package data from C:\reactnativedemo\Shop\node_modules\connect\package.json
78 verbose installManyTop reading scoped package data from C:\reactnativedemo\Shop\node_modules\convert-source-map\package.json
79 verbose installManyTop reading scoped package data from C:\reactnativedemo\Shop\node_modules\copy-descriptor\package.json
80 verbose installManyTop reading scoped package data from C:\reactnativedemo\Shop\node_modules\core-js\package.json
81 verbose installManyTop reading scoped package data from C:\reactnativedemo\Shop\node_modules\core-util-is\package.json
82 verbose installManyTop reading scoped package data from C:\reactnativedemo\Shop\node_modules\cosmiconfig\package.json
83 verbose installManyTop reading scoped package data from C:\reactnativedemo\Shop\node_modules\cross-spawn\package.json
84 verbose installManyTop reading scoped package data from C:\reactnativedemo\Shop\node_modules\dayjs\package.json
85 verbose installManyTop reading scoped package data from C:\reactnativedemo\Shop\node_modules\debug\package.json
86 verbose installManyTop reading scoped package data from C:\reactnativedemo\Shop\node_modules\decamelize\package.json
87 verbose installManyTop reading scoped package data from C:\reactnativedemo\Shop\node_modules\decode-uri-component\package.json
88 verbose installManyTop reading scoped package data from C:\reactnativedemo\Shop\node_modules\deepmerge\package.json
89 verbose installManyTop reading scoped package data from C:\reactnativedemo\Shop\node_modules\defaults\package.json
90 verbose installManyTop reading scoped package data from C:\reactnativedemo\Shop\node_modules\define-properties\package.json
91 verbose installManyTop reading scoped package data from C:\reactnativedemo\Shop\node_modules\define-property\package.json
92 verbose installManyTop reading scoped package data from C:\reactnativedemo\Shop\node_modules\denodeify\package.json
93 verbose installManyTop reading scoped package data from C:\reactnativedemo\Shop\node_modules\depd\package.json
94 verbose installManyTop reading scoped package data from C:\reactnativedemo\Shop\node_modules\destroy\package.json
95 verbose installManyTop reading scoped package data from C:\reactnativedemo\Shop\node_modules\ee-first\package.json
96 verbose installManyTop reading scoped package data from C:\reactnativedemo\Shop\node_modules\emoji-regex\package.json
97 verbose installManyTop reading scoped package data from C:\reactnativedemo\Shop\node_modules\encodeurl\package.json
98 verbose installManyTop reading scoped package data from C:\reactnativedemo\Shop\node_modules\encoding\package.json
99 verbose installManyTop reading scoped package data from C:\reactnativedemo\Shop\node_modules\end-of-stream\package.json
100 verbose installManyTop reading scoped package data from C:\reactnativedemo\Shop\node_modules\envinfo\package.json
101 verbose installManyTop reading scoped package data from C:\reactnativedemo\Shop\node_modules\error-ex\package.json
102 verbose installManyTop reading scoped package data from C:\reactnativedemo\Shop\node_modules\errorhandler\package.json
103 verbose installManyTop reading scoped package data from C:\reactnativedemo\Shop\node_modules\escape-html\package.json
104 verbose installManyTop reading scoped package data from C:\reactnativedemo\Shop\node_modules\escape-string-regexp\package.json
105 verbose installManyTop reading scoped package data from C:\reactnativedemo\Shop\node_modules\esprima\package.json
106 verbose installManyTop reading scoped package data from C:\reactnativedemo\Shop\node_modules\etag\package.json
107 verbose installManyTop reading scoped package data from C:\reactnativedemo\Shop\node_modules\event-target-shim\package.json
108 verbose installManyTop reading scoped package data from C:\reactnativedemo\Shop\node_modules\eventemitter3\package.json
109 verbose installManyTop reading scoped package data from C:\reactnativedemo\Shop\node_modules\exec-sh\package.json
110 verbose installManyTop reading scoped package data from C:\reactnativedemo\Shop\node_modules\execa\package.json
111 verbose installManyTop reading scoped package data from C:\reactnativedemo\Shop\node_modules\expand-brackets\package.json
112 verbose installManyTop reading scoped package data from C:\reactnativedemo\Shop\node_modules\extend-shallow\package.json
113 verbose installManyTop reading scoped package data from C:\reactnativedemo\Shop\node_modules\external-editor\package.json
114 verbose installManyTop reading scoped package data from C:\reactnativedemo\Shop\node_modules\extglob\package.json
115 verbose installManyTop reading scoped package data from C:\reactnativedemo\Shop\node_modules\fancy-log\package.json
116 verbose installManyTop reading scoped package data from C:\reactnativedemo\Shop\node_modules\fb-watchman\package.json
117 verbose installManyTop reading scoped package data from C:\reactnativedemo\Shop\node_modules\fbjs\package.json
118 verbose installManyTop reading scoped package data from C:\reactnativedemo\Shop\node_modules\fbjs-css-vars\package.json
119 verbose installManyTop reading scoped package data from C:\reactnativedemo\Shop\node_modules\fbjs-scripts\package.json
120 verbose installManyTop reading scoped package data from C:\reactnativedemo\Shop\node_modules\figures\package.json
121 verbose installManyTop reading scoped package data from C:\reactnativedemo\Shop\node_modules\file-uri-to-path\package.json
122 verbose installManyTop reading scoped package data from C:\reactnativedemo\Shop\node_modules\fill-range\package.json
123 verbose installManyTop reading scoped package data from C:\reactnativedemo\Shop\node_modules\finalhandler\package.json
124 verbose installManyTop reading scoped package data from C:\reactnativedemo\Shop\node_modules\find-cache-dir\package.json
125 verbose installManyTop reading scoped package data from C:\reactnativedemo\Shop\node_modules\find-up\package.json
126 verbose installManyTop reading scoped package data from C:\reactnativedemo\Shop\node_modules\for-in\package.json
127 verbose installManyTop reading scoped package data from C:\reactnativedemo\Shop\node_modules\fragment-cache\package.json
128 verbose installManyTop reading scoped package data from C:\reactnativedemo\Shop\node_modules\fresh\package.json
129 verbose installManyTop reading scoped package data from C:\reactnativedemo\Shop\node_modules\fs-extra\package.json
130 verbose installManyTop reading scoped package data from C:\reactnativedemo\Shop\node_modules\fs.realpath\package.json
131 verbose installManyTop reading scoped package data from C:\reactnativedemo\Shop\node_modules\function-bind\package.json
132 verbose installManyTop reading scoped package data from C:\reactnativedemo\Shop\node_modules\gensync\package.json
133 verbose installManyTop reading scoped package data from C:\reactnativedemo\Shop\node_modules\get-caller-file\package.json
134 verbose installManyTop reading scoped package data from C:\reactnativedemo\Shop\node_modules\get-stream\package.json
135 verbose installManyTop reading scoped package data from C:\reactnativedemo\Shop\node_modules\get-value\package.json
136 verbose installManyTop reading scoped package data from C:\reactnativedemo\Shop\node_modules\glob\package.json
137 verbose installManyTop reading scoped package data from C:\reactnativedemo\Shop\node_modules\globals\package.json
138 verbose installManyTop reading scoped package data from C:\reactnativedemo\Shop\node_modules\graceful-fs\package.json
139 verbose installManyTop reading scoped package data from C:\reactnativedemo\Shop\node_modules\has-flag\package.json
140 verbose installManyTop reading scoped package data from C:\reactnativedemo\Shop\node_modules\has-symbols\package.json
141 verbose installManyTop reading scoped package data from C:\reactnativedemo\Shop\node_modules\has-value\package.json
142 verbose installManyTop reading scoped package data from C:\reactnativedemo\Shop\node_modules\has-values\package.json
143 verbose installManyTop reading scoped package data from C:\reactnativedemo\Shop\node_modules\hermes-engine\package.json
144 verbose installManyTop reading scoped package data from C:\reactnativedemo\Shop\node_modules\http-errors\package.json
145 verbose installManyTop reading scoped package data from C:\reactnativedemo\Shop\node_modules\iconv-lite\package.json
146 verbose installManyTop reading scoped package data from C:\reactnativedemo\Shop\node_modules\image-size\package.json
147 verbose installManyTop reading scoped package data from C:\reactnativedemo\Shop\node_modules\import-fresh\package.json
148 verbose installManyTop reading scoped package data from C:\reactnativedemo\Shop\node_modules\imurmurhash\package.json
149 verbose installManyTop reading scoped package data from C:\reactnativedemo\Shop\node_modules\inflight\package.json
150 verbose installManyTop reading scoped package data from C:\reactnativedemo\Shop\node_modules\inherits\package.json
151 verbose installManyTop reading scoped package data from C:\reactnativedemo\Shop\node_modules\inquirer\package.json
152 verbose installManyTop reading scoped package data from C:\reactnativedemo\Shop\node_modules\invariant\package.json
153 verbose installManyTop reading scoped package data from C:\reactnativedemo\Shop\node_modules\is-accessor-descriptor\package.json
154 verbose installManyTop reading scoped package data from C:\reactnativedemo\Shop\node_modules\is-arrayish\package.json
155 verbose installManyTop reading scoped package data from C:\reactnativedemo\Shop\node_modules\is-buffer\package.json
156 verbose installManyTop reading scoped package data from C:\reactnativedemo\Shop\node_modules\is-ci\package.json
157 verbose installManyTop reading scoped package data from C:\reactnativedemo\Shop\node_modules\is-data-descriptor\package.json
158 verbose installManyTop reading scoped package data from C:\reactnativedemo\Shop\node_modules\is-descriptor\package.json
159 verbose installManyTop reading scoped package data from C:\reactnativedemo\Shop\node_modules\is-directory\package.json
160 verbose installManyTop reading scoped package data from C:\reactnativedemo\Shop\node_modules\is-extendable\package.json
161 verbose installManyTop reading scoped package data from C:\reactnativedemo\Shop\node_modules\is-fullwidth-code-point\package.json
162 verbose installManyTop reading scoped package data from C:\reactnativedemo\Shop\node_modules\is-number\package.json
163 verbose installManyTop reading scoped package data from C:\reactnativedemo\Shop\node_modules\is-plain-object\package.json
164 verbose installManyTop reading scoped package data from C:\reactnativedemo\Shop\node_modules\is-stream\package.json
165 verbose installManyTop reading scoped package data from C:\reactnativedemo\Shop\node_modules\is-windows\package.json
166 verbose installManyTop reading scoped package data from C:\reactnativedemo\Shop\node_modules\is-wsl\package.json
167 verbose installManyTop reading scoped package data from C:\reactnativedemo\Shop\node_modules\isarray\package.json
168 verbose installManyTop reading scoped package data from C:\reactnativedemo\Shop\node_modules\isexe\package.json
169 verbose installManyTop reading scoped package data from C:\reactnativedemo\Shop\node_modules\isobject\package.json
170 verbose installManyTop reading scoped package data from C:\reactnativedemo\Shop\node_modules\isomorphic-fetch\package.json
171 verbose installManyTop reading scoped package data from C:\reactnativedemo\Shop\node_modules\jest-get-type\package.json
172 verbose installManyTop reading scoped package data from C:\reactnativedemo\Shop\node_modules\jest-haste-map\package.json
173 verbose installManyTop reading scoped package data from C:\reactnativedemo\Shop\node_modules\jest-message-util\package.json
174 verbose installManyTop reading scoped package data from C:\reactnativedemo\Shop\node_modules\jest-mock\package.json
175 verbose installManyTop reading scoped package data from C:\reactnativedemo\Shop\node_modules\jest-serializer\package.json
176 verbose installManyTop reading scoped package data from C:\reactnativedemo\Shop\node_modules\jest-util\package.json
177 verbose installManyTop reading scoped package data from C:\reactnativedemo\Shop\node_modules\jest-validate\package.json
178 verbose installManyTop reading scoped package data from C:\reactnativedemo\Shop\node_modules\jest-worker\package.json
179 verbose installManyTop reading scoped package data from C:\reactnativedemo\Shop\node_modules\jetifier\package.json
180 verbose installManyTop reading scoped package data from C:\reactnativedemo\Shop\node_modules\js-tokens\package.json
181 verbose installManyTop reading scoped package data from C:\reactnativedemo\Shop\node_modules\js-yaml\package.json
182 verbose installManyTop reading scoped package data from C:\reactnativedemo\Shop\node_modules\jsc-android\package.json
183 verbose installManyTop reading scoped package data from C:\reactnativedemo\Shop\node_modules\jsesc\package.json
184 verbose installManyTop reading scoped package data from C:\reactnativedemo\Shop\node_modules\json-parse-better-errors\package.json
185 verbose installManyTop reading scoped package data from C:\reactnativedemo\Shop\node_modules\json-stable-stringify\package.json
186 verbose installManyTop reading scoped package data from C:\reactnativedemo\Shop\node_modules\json5\package.json
187 verbose installManyTop reading scoped package data from C:\reactnativedemo\Shop\node_modules\jsonfile\package.json
188 verbose installManyTop reading scoped package data from C:\reactnativedemo\Shop\node_modules\jsonify\package.json
189 verbose installManyTop reading scoped package data from C:\reactnativedemo\Shop\node_modules\kind-of\package.json
190 verbose installManyTop reading scoped package data from C:\reactnativedemo\Shop\node_modules\klaw\package.json
191 verbose installManyTop reading scoped package data from C:\reactnativedemo\Shop\node_modules\leven\package.json
192 verbose installManyTop reading scoped package data from C:\reactnativedemo\Shop\node_modules\locate-path\package.json
193 verbose installManyTop reading scoped package data from C:\reactnativedemo\Shop\node_modules\lodash\package.json
194 verbose installManyTop reading scoped package data from C:\reactnativedemo\Shop\node_modules\lodash.throttle\package.json
195 verbose installManyTop reading scoped package data from C:\reactnativedemo\Shop\node_modules\log-symbols\package.json
196 verbose installManyTop reading scoped package data from C:\reactnativedemo\Shop\node_modules\logkitty\package.json
197 verbose installManyTop reading scoped package data from C:\reactnativedemo\Shop\node_modules\loose-envify\package.json
198 verbose installManyTop reading scoped package data from C:\reactnativedemo\Shop\node_modules\lru-cache\package.json
199 verbose installManyTop reading scoped package data from C:\reactnativedemo\Shop\node_modules\make-dir\package.json
200 verbose installManyTop reading scoped package data from C:\reactnativedemo\Shop\node_modules\makeerror\package.json
201 verbose installManyTop reading scoped package data from C:\reactnativedemo\Shop\node_modules\map-cache\package.json
202 verbose installManyTop reading scoped package data from C:\reactnativedemo\Shop\node_modules\map-visit\package.json
203 verbose installManyTop reading scoped package data from C:\reactnativedemo\Shop\node_modules\merge-stream\package.json
204 verbose installManyTop reading scoped package data from C:\reactnativedemo\Shop\node_modules\metro\package.json
205 verbose installManyTop reading scoped package data from C:\reactnativedemo\Shop\node_modules\metro-babel-register\package.json
206 verbose installManyTop reading scoped package data from C:\reactnativedemo\Shop\node_modules\metro-babel-transformer\package.json
207 verbose installManyTop reading scoped package data from C:\reactnativedemo\Shop\node_modules\metro-cache\package.json
208 verbose installManyTop reading scoped package data from C:\reactnativedemo\Shop\node_modules\metro-config\package.json
209 verbose installManyTop reading scoped package data from C:\reactnativedemo\Shop\node_modules\metro-core\package.json
210 verbose installManyTop reading scoped package data from C:\reactnativedemo\Shop\node_modules\metro-inspector-proxy\package.json
211 verbose installManyTop reading scoped package data from C:\reactnativedemo\Shop\node_modules\metro-minify-uglify\package.json
212 verbose installManyTop reading scoped package data from C:\reactnativedemo\Shop\node_modules\metro-react-native-babel-preset\package.json
213 verbose installManyTop reading scoped package data from C:\reactnativedemo\Shop\node_modules\metro-react-native-babel-transformer\package.json
214 verbose installManyTop reading scoped package data from C:\reactnativedemo\Shop\node_modules\metro-resolver\package.json
215 verbose installManyTop reading scoped package data from C:\reactnativedemo\Shop\node_modules\metro-source-map\package.json
216 verbose installManyTop reading scoped package data from C:\reactnativedemo\Shop\node_modules\metro-symbolicate\package.json
217 verbose installManyTop reading scoped package data from C:\reactnativedemo\Shop\node_modules\micromatch\package.json
218 verbose installManyTop reading scoped package data from C:\reactnativedemo\Shop\node_modules\mime\package.json
219 verbose installManyTop reading scoped package data from C:\reactnativedemo\Shop\node_modules\mime-db\package.json
220 verbose installManyTop reading scoped package data from C:\reactnativedemo\Shop\node_modules\mime-types\package.json
221 verbose installManyTop reading scoped package data from C:\reactnativedemo\Shop\node_modules\mimic-fn\package.json
222 verbose installManyTop reading scoped package data from C:\reactnativedemo\Shop\node_modules\minimatch\package.json
223 verbose installManyTop reading scoped package data from C:\reactnativedemo\Shop\node_modules\minimist\package.json
224 verbose installManyTop reading scoped package data from C:\reactnativedemo\Shop\node_modules\mixin-deep\package.json
225 verbose installManyTop reading scoped package data from C:\reactnativedemo\Shop\node_modules\mkdirp\package.json
226 verbose installManyTop reading scoped package data from C:\reactnativedemo\Shop\node_modules\ms\package.json
227 verbose installManyTop reading scoped package data from C:\reactnativedemo\Shop\node_modules\mute-stream\package.json
228 verbose installManyTop reading scoped package data from C:\reactnativedemo\Shop\node_modules\nan\package.json
229 verbose installManyTop reading scoped package data from C:\reactnativedemo\Shop\node_modules\nanomatch\package.json
230 verbose installManyTop reading scoped package data from C:\reactnativedemo\Shop\node_modules\negotiator\package.json
231 verbose installManyTop reading scoped package data from C:\reactnativedemo\Shop\node_modules\nice-try\package.json
232 verbose installManyTop reading scoped package data from C:\reactnativedemo\Shop\node_modules\node-fetch\package.json
233 verbose installManyTop reading scoped package data from C:\reactnativedemo\Shop\node_modules\node-int64\package.json
234 verbose installManyTop reading scoped package data from C:\reactnativedemo\Shop\node_modules\node-modules-regexp\package.json
235 verbose installManyTop reading scoped package data from C:\reactnativedemo\Shop\node_modules\node-stream-zip\package.json
236 verbose installManyTop reading scoped package data from C:\reactnativedemo\Shop\node_modules\normalize-path\package.json
237 verbose installManyTop reading scoped package data from C:\reactnativedemo\Shop\node_modules\npm-run-path\package.json
238 verbose installManyTop reading scoped package data from C:\reactnativedemo\Shop\node_modules\nullthrows\package.json
239 verbose installManyTop reading scoped package data from C:\reactnativedemo\Shop\node_modules\ob1\package.json
240 verbose installManyTop reading scoped package data from C:\reactnativedemo\Shop\node_modules\object-assign\package.json
241 verbose installManyTop reading scoped package data from C:\reactnativedemo\Shop\node_modules\object-copy\package.json
242 verbose installManyTop reading scoped package data from C:\reactnativedemo\Shop\node_modules\object-keys\package.json
243 verbose installManyTop reading scoped package data from C:\reactnativedemo\Shop\node_modules\object-visit\package.json
244 verbose installManyTop reading scoped package data from C:\reactnativedemo\Shop\node_modules\object.assign\package.json
245 verbose installManyTop reading scoped package data from C:\reactnativedemo\Shop\node_modules\object.pick\package.json
246 verbose installManyTop reading scoped package data from C:\reactnativedemo\Shop\node_modules\on-finished\package.json
247 verbose installManyTop reading scoped package data from C:\reactnativedemo\Shop\node_modules\on-headers\package.json
248 verbose installManyTop reading scoped package data from C:\reactnativedemo\Shop\node_modules\once\package.json
249 verbose installManyTop reading scoped package data from C:\reactnativedemo\Shop\node_modules\onetime\package.json
250 verbose installManyTop reading scoped package data from C:\reactnativedemo\Shop\node_modules\open\package.json
251 verbose installManyTop reading scoped package data from C:\reactnativedemo\Shop\node_modules\options\package.json
252 verbose installManyTop reading scoped package data from C:\reactnativedemo\Shop\node_modules\ora\package.json
253 verbose installManyTop reading scoped package data from C:\reactnativedemo\Shop\node_modules\os-tmpdir\package.json
254 verbose installManyTop reading scoped package data from C:\reactnativedemo\Shop\node_modules\p-finally\package.json
255 verbose installManyTop reading scoped package data from C:\reactnativedemo\Shop\node_modules\p-limit\package.json
256 verbose installManyTop reading scoped package data from C:\reactnativedemo\Shop\node_modules\p-locate\package.json
257 verbose installManyTop reading scoped package data from C:\reactnativedemo\Shop\node_modules\p-try\package.json
258 verbose installManyTop reading scoped package data from C:\reactnativedemo\Shop\node_modules\parse-json\package.json
259 verbose installManyTop reading scoped package data from C:\reactnativedemo\Shop\node_modules\parse-node-version\package.json
260 verbose installManyTop reading scoped package data from C:\reactnativedemo\Shop\node_modules\parseurl\package.json
261 verbose installManyTop reading scoped package data from C:\reactnativedemo\Shop\node_modules\pascalcase\package.json
262 verbose installManyTop reading scoped package data from C:\reactnativedemo\Shop\node_modules\path-exists\package.json
263 verbose installManyTop reading scoped package data from C:\reactnativedemo\Shop\node_modules\path-is-absolute\package.json
264 verbose installManyTop reading scoped package data from C:\reactnativedemo\Shop\node_modules\path-key\package.json
265 verbose installManyTop reading scoped package data from C:\reactnativedemo\Shop\node_modules\path-parse\package.json
266 verbose installManyTop reading scoped package data from C:\reactnativedemo\Shop\node_modules\pify\package.json
267 verbose installManyTop reading scoped package data from C:\reactnativedemo\Shop\node_modules\pirates\package.json
268 verbose installManyTop reading scoped package data from C:\reactnativedemo\Shop\node_modules\pkg-dir\package.json
269 verbose installManyTop reading scoped package data from C:\reactnativedemo\Shop\node_modules\plist\package.json
270 verbose installManyTop reading scoped package data from C:\reactnativedemo\Shop\node_modules\plugin-error\package.json
271 verbose installManyTop reading scoped package data from C:\reactnativedemo\Shop\node_modules\posix-character-classes\package.json
272 verbose installManyTop reading scoped package data from C:\reactnativedemo\Shop\node_modules\pretty-format\package.json
273 verbose installManyTop reading scoped package data from C:\reactnativedemo\Shop\node_modules\process-nextick-args\package.json
274 verbose installManyTop reading scoped package data from C:\reactnativedemo\Shop\node_modules\promise\package.json
275 verbose installManyTop reading scoped package data from C:\reactnativedemo\Shop\node_modules\prop-types\package.json
276 verbose installManyTop reading scoped package data from C:\reactnativedemo\Shop\node_modules\pseudomap\package.json
277 verbose installManyTop reading scoped package data from C:\reactnativedemo\Shop\node_modules\pump\package.json
278 verbose installManyTop reading scoped package data from C:\reactnativedemo\Shop\node_modules\range-parser\package.json
279 verbose installManyTop reading scoped package data from C:\reactnativedemo\Shop\node_modules\react-devtools-core\package.json
280 verbose installManyTop reading scoped package data from C:\reactnativedemo\Shop\node_modules\react-is\package.json
281 verbose installManyTop reading scoped package data from C:\reactnativedemo\Shop\node_modules\react-native\package.json
282 verbose installManyTop reading scoped package data from C:\reactnativedemo\Shop\node_modules\react-refresh\package.json
283 verbose installManyTop reading scoped package data from C:\reactnativedemo\Shop\node_modules\readable-stream\package.json
284 verbose installManyTop reading scoped package data from C:\reactnativedemo\Shop\node_modules\regenerate\package.json
285 verbose installManyTop reading scoped package data from C:\reactnativedemo\Shop\node_modules\regenerate-unicode-properties\package.json
286 verbose installManyTop reading scoped package data from C:\reactnativedemo\Shop\node_modules\regenerator-runtime\package.json
287 verbose installManyTop reading scoped package data from C:\reactnativedemo\Shop\node_modules\regenerator-transform\package.json
288 verbose installManyTop reading scoped package data from C:\reactnativedemo\Shop\node_modules\regex-not\package.json
289 verbose installManyTop reading scoped package data from C:\reactnativedemo\Shop\node_modules\regexpu-core\package.json
290 verbose installManyTop reading scoped package data from C:\reactnativedemo\Shop\node_modules\regjsgen\package.json
291 verbose installManyTop reading scoped package data from C:\reactnativedemo\Shop\node_modules\regjsparser\package.json
292 verbose installManyTop reading scoped package data from C:\reactnativedemo\Shop\node_modules\remove-trailing-separator\package.json
293 verbose installManyTop reading scoped package data from C:\reactnativedemo\Shop\node_modules\repeat-element\package.json
294 verbose installManyTop reading scoped package data from C:\reactnativedemo\Shop\node_modules\repeat-string\package.json
295 verbose installManyTop reading scoped package data from C:\reactnativedemo\Shop\node_modules\require-directory\package.json
296 verbose installManyTop reading scoped package data from C:\reactnativedemo\Shop\node_modules\require-main-filename\package.json
297 verbose installManyTop reading scoped package data from C:\reactnativedemo\Shop\node_modules\resolve\package.json
298 verbose installManyTop reading scoped package data from C:\reactnativedemo\Shop\node_modules\resolve-from\package.json
299 verbose installManyTop reading scoped package data from C:\reactnativedemo\Shop\node_modules\resolve-url\package.json
300 verbose installManyTop reading scoped package data from C:\reactnativedemo\Shop\node_modules\restore-cursor\package.json
301 verbose installManyTop reading scoped package data from C:\reactnativedemo\Shop\node_modules\ret\package.json
302 verbose installManyTop reading scoped package data from C:\reactnativedemo\Shop\node_modules\rimraf\package.json
303 verbose installManyTop reading scoped package data from C:\reactnativedemo\Shop\node_modules\rsvp\package.json
304 verbose installManyTop reading scoped package data from C:\reactnativedemo\Shop\node_modules\run-async\package.json
305 verbose installManyTop reading scoped package data from C:\reactnativedemo\Shop\node_modules\rx-lite\package.json
306 verbose installManyTop reading scoped package data from C:\reactnativedemo\Shop\node_modules\rx-lite-aggregates\package.json
307 verbose installManyTop reading scoped package data from C:\reactnativedemo\Shop\node_modules\rxjs\package.json
308 verbose installManyTop reading scoped package data from C:\reactnativedemo\Shop\node_modules\safe-buffer\package.json
309 verbose installManyTop reading scoped package data from C:\reactnativedemo\Shop\node_modules\safe-regex\package.json
310 verbose installManyTop reading scoped package data from C:\reactnativedemo\Shop\node_modules\safer-buffer\package.json
311 verbose installManyTop reading scoped package data from C:\reactnativedemo\Shop\node_modules\sane\package.json
312 verbose installManyTop reading scoped package data from C:\reactnativedemo\Shop\node_modules\sax\package.json
313 verbose installManyTop reading scoped package data from C:\reactnativedemo\Shop\node_modules\scheduler\package.json
314 verbose installManyTop reading scoped package data from C:\reactnativedemo\Shop\node_modules\semver\package.json
315 verbose installManyTop reading scoped package data from C:\reactnativedemo\Shop\node_modules\send\package.json
316 verbose installManyTop reading scoped package data from C:\reactnativedemo\Shop\node_modules\serialize-error\package.json
317 verbose installManyTop reading scoped package data from C:\reactnativedemo\Shop\node_modules\serve-static\package.json
318 verbose installManyTop reading scoped package data from C:\reactnativedemo\Shop\node_modules\set-blocking\package.json
319 verbose installManyTop reading scoped package data from C:\reactnativedemo\Shop\node_modules\set-value\package.json
320 verbose installManyTop reading scoped package data from C:\reactnativedemo\Shop\node_modules\setimmediate\package.json
321 verbose installManyTop reading scoped package data from C:\reactnativedemo\Shop\node_modules\setprototypeof\package.json
322 verbose installManyTop reading scoped package data from C:\reactnativedemo\Shop\node_modules\shebang-command\package.json
323 verbose installManyTop reading scoped package data from C:\reactnativedemo\Shop\node_modules\shebang-regex\package.json
324 verbose installManyTop reading scoped package data from C:\reactnativedemo\Shop\node_modules\shell-quote\package.json
325 verbose installManyTop reading scoped package data from C:\reactnativedemo\Shop\node_modules\signal-exit\package.json
326 verbose installManyTop reading scoped package data from C:\reactnativedemo\Shop\node_modules\simple-plist\package.json
327 verbose installManyTop reading scoped package data from C:\reactnativedemo\Shop\node_modules\slash\package.json
328 verbose installManyTop reading scoped package data from C:\reactnativedemo\Shop\node_modules\slice-ansi\package.json
329 verbose installManyTop reading scoped package data from C:\reactnativedemo\Shop\node_modules\slide\package.json
330 verbose installManyTop reading scoped package data from C:\reactnativedemo\Shop\node_modules\snapdragon\package.json
331 verbose installManyTop reading scoped package data from C:\reactnativedemo\Shop\node_modules\snapdragon-node\package.json
332 verbose installManyTop reading scoped package data from C:\reactnativedemo\Shop\node_modules\snapdragon-util\package.json
333 verbose installManyTop reading scoped package data from C:\reactnativedemo\Shop\node_modules\source-map\package.json
334 verbose installManyTop reading scoped package data from C:\reactnativedemo\Shop\node_modules\source-map-resolve\package.json
335 verbose installManyTop reading scoped package data from C:\reactnativedemo\Shop\node_modules\source-map-support\package.json
336 verbose installManyTop reading scoped package data from C:\reactnativedemo\Shop\node_modules\source-map-url\package.json
337 verbose installManyTop reading scoped package data from C:\reactnativedemo\Shop\node_modules\split-string\package.json
338 verbose installManyTop reading scoped package data from C:\reactnativedemo\Shop\node_modules\sprintf-js\package.json
339 verbose installManyTop reading scoped package data from C:\reactnativedemo\Shop\node_modules\stack-utils\package.json
340 verbose installManyTop reading scoped package data from C:\reactnativedemo\Shop\node_modules\stacktrace-parser\package.json
341 verbose installManyTop reading scoped package data from C:\reactnativedemo\Shop\node_modules\static-extend\package.json
342 verbose installManyTop reading scoped package data from C:\reactnativedemo\Shop\node_modules\statuses\package.json
343 verbose installManyTop reading scoped package data from C:\reactnativedemo\Shop\node_modules\stream-buffers\package.json
344 verbose installManyTop reading scoped package data from C:\reactnativedemo\Shop\node_modules\string-width\package.json
345 verbose installManyTop reading scoped package data from C:\reactnativedemo\Shop\node_modules\string_decoder\package.json
346 verbose installManyTop reading scoped package data from C:\reactnativedemo\Shop\node_modules\strip-ansi\package.json
347 verbose installManyTop reading scoped package data from C:\reactnativedemo\Shop\node_modules\strip-eof\package.json
348 verbose installManyTop reading scoped package data from C:\reactnativedemo\Shop\node_modules\sudo-prompt\package.json
349 verbose installManyTop reading scoped package data from C:\reactnativedemo\Shop\node_modules\supports-color\package.json
350 verbose installManyTop reading scoped package data from C:\reactnativedemo\Shop\node_modules\symbol-observable\package.json
351 verbose installManyTop reading scoped package data from C:\reactnativedemo\Shop\node_modules\temp\package.json
352 verbose installManyTop reading scoped package data from C:\reactnativedemo\Shop\node_modules\throat\package.json
353 verbose installManyTop reading scoped package data from C:\reactnativedemo\Shop\node_modules\through\package.json
354 verbose installManyTop reading scoped package data from C:\reactnativedemo\Shop\node_modules\through2\package.json
355 verbose installManyTop reading scoped package data from C:\reactnativedemo\Shop\node_modules\time-stamp\package.json
356 verbose installManyTop reading scoped package data from C:\reactnativedemo\Shop\node_modules\tmp\package.json
357 verbose installManyTop reading scoped package data from C:\reactnativedemo\Shop\node_modules\tmpl\package.json
358 verbose installManyTop reading scoped package data from C:\reactnativedemo\Shop\node_modules\to-fast-properties\package.json
359 verbose installManyTop reading scoped package data from C:\reactnativedemo\Shop\node_modules\to-object-path\package.json
360 verbose installManyTop reading scoped package data from C:\reactnativedemo\Shop\node_modules\to-regex\package.json
361 verbose installManyTop reading scoped package data from C:\reactnativedemo\Shop\node_modules\to-regex-range\package.json
362 verbose installManyTop reading scoped package data from C:\reactnativedemo\Shop\node_modules\toidentifier\package.json
363 verbose installManyTop reading scoped package data from C:\reactnativedemo\Shop\node_modules\type-fest\package.json
364 verbose installManyTop reading scoped package data from C:\reactnativedemo\Shop\node_modules\typedarray\package.json
365 verbose installManyTop reading scoped package data from C:\reactnativedemo\Shop\node_modules\ua-parser-js\package.json
366 verbose installManyTop reading scoped package data from C:\reactnativedemo\Shop\node_modules\uglify-es\package.json
367 verbose installManyTop reading scoped package data from C:\reactnativedemo\Shop\node_modules\ultron\package.json
368 verbose installManyTop reading scoped package data from C:\reactnativedemo\Shop\node_modules\unicode-canonical-property-names-ecmascript\package.json
369 verbose installManyTop reading scoped package data from C:\reactnativedemo\Shop\node_modules\unicode-match-property-ecmascript\package.json
370 verbose installManyTop reading scoped package data from C:\reactnativedemo\Shop\node_modules\unicode-match-property-value-ecmascript\package.json
371 verbose installManyTop reading scoped package data from C:\reactnativedemo\Shop\node_modules\unicode-property-aliases-ecmascript\package.json
372 verbose installManyTop reading scoped package data from C:\reactnativedemo\Shop\node_modules\union-value\package.json
373 verbose installManyTop reading scoped package data from C:\reactnativedemo\Shop\node_modules\universalify\package.json
374 verbose installManyTop reading scoped package data from C:\reactnativedemo\Shop\node_modules\unpipe\package.json
375 verbose installManyTop reading scoped package data from C:\reactnativedemo\Shop\node_modules\unset-value\package.json
376 verbose installManyTop reading scoped package data from C:\reactnativedemo\Shop\node_modules\urix\package.json
377 verbose installManyTop reading scoped package data from C:\reactnativedemo\Shop\node_modules\use\package.json
378 verbose installManyTop reading scoped package data from C:\reactnativedemo\Shop\node_modules\use-subscription\package.json
379 verbose installManyTop reading scoped package data from C:\reactnativedemo\Shop\node_modules\util-deprecate\package.json
380 verbose installManyTop reading scoped package data from C:\reactnativedemo\Shop\node_modules\utils-merge\package.json
381 verbose installManyTop reading scoped package data from C:\reactnativedemo\Shop\node_modules\uuid\package.json
382 verbose installManyTop reading scoped package data from C:\reactnativedemo\Shop\node_modules\vary\package.json
383 verbose installManyTop reading scoped package data from C:\reactnativedemo\Shop\node_modules\vlq\package.json
384 verbose installManyTop reading scoped package data from C:\reactnativedemo\Shop\node_modules\walker\package.json
385 verbose installManyTop reading scoped package data from C:\reactnativedemo\Shop\node_modules\wcwidth\package.json
386 verbose installManyTop reading scoped package data from C:\reactnativedemo\Shop\node_modules\whatwg-fetch\package.json
387 verbose installManyTop reading scoped package data from C:\reactnativedemo\Shop\node_modules\which\package.json
388 verbose installManyTop reading scoped package data from C:\reactnativedemo\Shop\node_modules\which-module\package.json
389 verbose installManyTop reading scoped package data from C:\reactnativedemo\Shop\node_modules\wordwrap\package.json
390 verbose installManyTop reading scoped package data from C:\reactnativedemo\Shop\node_modules\wrap-ansi\package.json
391 verbose installManyTop reading scoped package data from C:\reactnativedemo\Shop\node_modules\wrappy\package.json
392 verbose installManyTop reading scoped package data from C:\reactnativedemo\Shop\node_modules\write-file-atomic\package.json
393 verbose installManyTop reading scoped package data from C:\reactnativedemo\Shop\node_modules\ws\package.json
394 verbose installManyTop reading scoped package data from C:\reactnativedemo\Shop\node_modules\xcode\package.json
395 verbose installManyTop reading scoped package data from C:\reactnativedemo\Shop\node_modules\xmlbuilder\package.json
396 verbose installManyTop reading scoped package data from C:\reactnativedemo\Shop\node_modules\xmldoc\package.json
397 verbose installManyTop reading scoped package data from C:\reactnativedemo\Shop\node_modules\xmldom\package.json
398 verbose installManyTop reading scoped package data from C:\reactnativedemo\Shop\node_modules\xpipe\package.json
399 verbose installManyTop reading scoped package data from C:\reactnativedemo\Shop\node_modules\xtend\package.json
400 verbose installManyTop reading scoped package data from C:\reactnativedemo\Shop\node_modules\y18n\package.json
401 verbose installManyTop reading scoped package data from C:\reactnativedemo\Shop\node_modules\yallist\package.json
402 verbose installManyTop reading scoped package data from C:\reactnativedemo\Shop\node_modules\yargs\package.json
403 verbose installManyTop reading scoped package data from C:\reactnativedemo\Shop\node_modules\yargs-parser\package.json
404 verbose installManyTop reading scoped package data from C:\reactnativedemo\Shop\node_modules\@hapi\address\package.json
405 verbose installManyTop reading scoped package data from C:\reactnativedemo\Shop\node_modules\@hapi\bourne\package.json
406 verbose installManyTop reading scoped package data from C:\reactnativedemo\Shop\node_modules\@hapi\hoek\package.json
407 verbose installManyTop reading scoped package data from C:\reactnativedemo\Shop\node_modules\@hapi\joi\package.json
408 verbose installManyTop reading scoped package data from C:\reactnativedemo\Shop\node_modules\@hapi\topo\package.json
409 verbose installManyTop reading scoped package data from C:\reactnativedemo\Shop\node_modules\@jest\console\package.json
410 verbose installManyTop reading scoped package data from C:\reactnativedemo\Shop\node_modules\@jest\fake-timers\package.json
411 verbose installManyTop reading scoped package data from C:\reactnativedemo\Shop\node_modules\@jest\source-map\package.json
412 verbose installManyTop reading scoped package data from C:\reactnativedemo\Shop\node_modules\@jest\test-result\package.json
413 verbose installManyTop reading scoped package data from C:\reactnativedemo\Shop\node_modules\@jest\types\package.json
414 verbose installManyTop reading scoped package data from C:\reactnativedemo\Shop\node_modules\@babel\code-frame\package.json
415 verbose installManyTop reading scoped package data from C:\reactnativedemo\Shop\node_modules\@babel\core\package.json
416 verbose installManyTop reading scoped package data from C:\reactnativedemo\Shop\node_modules\@babel\generator\package.json
417 verbose installManyTop reading scoped package data from C:\reactnativedemo\Shop\node_modules\@babel\helper-annotate-as-pure\package.json
418 verbose installManyTop reading scoped package data from C:\reactnativedemo\Shop\node_modules\@babel\helper-builder-binary-assignment-operator-visitor\package.json
419 verbose installManyTop reading scoped package data from C:\reactnativedemo\Shop\node_modules\@babel\helper-builder-react-jsx\package.json
420 verbose installManyTop reading scoped package data from C:\reactnativedemo\Shop\node_modules\@babel\helper-builder-react-jsx-experimental\package.json
421 verbose installManyTop reading scoped package data from C:\reactnativedemo\Shop\node_modules\@babel\helper-create-class-features-plugin\package.json
422 verbose installManyTop reading scoped package data from C:\reactnativedemo\Shop\node_modules\@babel\helper-create-regexp-features-plugin\package.json
423 verbose installManyTop reading scoped package data from C:\reactnativedemo\Shop\node_modules\@babel\helper-define-map\package.json
424 verbose installManyTop reading scoped package data from C:\reactnativedemo\Shop\node_modules\@babel\helper-explode-assignable-expression\package.json
425 verbose installManyTop reading scoped package data from C:\reactnativedemo\Shop\node_modules\@babel\helper-function-name\package.json
426 verbose installManyTop reading scoped package data from C:\reactnativedemo\Shop\node_modules\@babel\helper-get-function-arity\package.json
427 verbose installManyTop reading scoped package data from C:\reactnativedemo\Shop\node_modules\@babel\helper-member-expression-to-functions\package.json
428 verbose installManyTop reading scoped package data from C:\reactnativedemo\Shop\node_modules\@babel\helper-module-imports\package.json
429 verbose installManyTop reading scoped package data from C:\reactnativedemo\Shop\node_modules\@babel\helper-module-transforms\package.json
430 verbose installManyTop reading scoped package data from C:\reactnativedemo\Shop\node_modules\@babel\helper-optimise-call-expression\package.json
431 verbose installManyTop reading scoped package data from C:\reactnativedemo\Shop\node_modules\@babel\helper-plugin-utils\package.json
432 verbose installManyTop reading scoped package data from C:\reactnativedemo\Shop\node_modules\@babel\helper-regex\package.json
433 verbose installManyTop reading scoped package data from C:\reactnativedemo\Shop\node_modules\@babel\helper-remap-async-to-generator\package.json
434 verbose installManyTop reading scoped package data from C:\reactnativedemo\Shop\node_modules\@babel\helper-replace-supers\package.json
435 verbose installManyTop reading scoped package data from C:\reactnativedemo\Shop\node_modules\@babel\helper-simple-access\package.json
436 verbose installManyTop reading scoped package data from C:\reactnativedemo\Shop\node_modules\@babel\helper-skip-transparent-expression-wrappers\package.json
437 verbose installManyTop reading scoped package data from C:\reactnativedemo\Shop\node_modules\@babel\helper-split-export-declaration\package.json
438 verbose installManyTop reading scoped package data from C:\reactnativedemo\Shop\node_modules\@babel\helper-validator-identifier\package.json
439 verbose installManyTop reading scoped package data from C:\reactnativedemo\Shop\node_modules\@babel\helper-wrap-function\package.json
440 verbose installManyTop reading scoped package data from C:\reactnativedemo\Shop\node_modules\@babel\helpers\package.json
441 verbose installManyTop reading scoped package data from C:\reactnativedemo\Shop\node_modules\@babel\highlight\package.json
442 verbose installManyTop reading scoped package data from C:\reactnativedemo\Shop\node_modules\@babel\parser\package.json
443 verbose installManyTop reading scoped package data from C:\reactnativedemo\Shop\node_modules\@babel\plugin-external-helpers\package.json
444 verbose installManyTop reading scoped package data from C:\reactnativedemo\Shop\node_modules\@babel\plugin-proposal-class-properties\package.json
445 verbose installManyTop reading scoped package data from C:\reactnativedemo\Shop\node_modules\@babel\plugin-proposal-export-default-from\package.json
446 verbose installManyTop reading scoped package data from C:\reactnativedemo\Shop\node_modules\@babel\plugin-proposal-nullish-coalescing-operator\package.json
447 verbose installManyTop reading scoped package data from C:\reactnativedemo\Shop\node_modules\@babel\plugin-proposal-object-rest-spread\package.json
448 verbose installManyTop reading scoped package data from C:\reactnativedemo\Shop\node_modules\@babel\plugin-proposal-optional-catch-binding\package.json
449 verbose installManyTop reading scoped package data from C:\reactnativedemo\Shop\node_modules\@babel\plugin-proposal-optional-chaining\package.json
450 verbose installManyTop reading scoped package data from C:\reactnativedemo\Shop\node_modules\@babel\plugin-syntax-class-properties\package.json
451 verbose installManyTop reading scoped package data from C:\reactnativedemo\Shop\node_modules\@babel\plugin-syntax-dynamic-import\package.json
452 verbose installManyTop reading scoped package data from C:\reactnativedemo\Shop\node_modules\@babel\plugin-syntax-export-default-from\package.json
453 verbose installManyTop reading scoped package data from C:\reactnativedemo\Shop\node_modules\@babel\plugin-syntax-flow\package.json
454 verbose installManyTop reading scoped package data from C:\reactnativedemo\Shop\node_modules\@babel\plugin-syntax-jsx\package.json
455 verbose installManyTop reading scoped package data from C:\reactnativedemo\Shop\node_modules\@babel\plugin-syntax-nullish-coalescing-operator\package.json
456 verbose installManyTop reading scoped package data from C:\reactnativedemo\Shop\node_modules\@babel\plugin-syntax-object-rest-spread\package.json
457 verbose installManyTop reading scoped package data from C:\reactnativedemo\Shop\node_modules\@babel\plugin-syntax-optional-catch-binding\package.json
458 verbose installManyTop reading scoped package data from C:\reactnativedemo\Shop\node_modules\@babel\plugin-syntax-optional-chaining\package.json
459 verbose installManyTop reading scoped package data from C:\reactnativedemo\Shop\node_modules\@babel\plugin-syntax-typescript\package.json
460 verbose installManyTop reading scoped package data from C:\reactnativedemo\Shop\node_modules\@babel\plugin-transform-arrow-functions\package.json
461 verbose installManyTop reading scoped package data from C:\reactnativedemo\Shop\node_modules\@babel\plugin-transform-async-to-generator\package.json
462 verbose installManyTop reading scoped package data from C:\reactnativedemo\Shop\node_modules\@babel\plugin-transform-block-scoped-functions\package.json
463 verbose installManyTop reading scoped package data from C:\reactnativedemo\Shop\node_modules\@babel\plugin-transform-block-scoping\package.json
464 verbose installManyTop reading scoped package data from C:\reactnativedemo\Shop\node_modules\@babel\plugin-transform-classes\package.json
465 verbose installManyTop reading scoped package data from C:\reactnativedemo\Shop\node_modules\@babel\plugin-transform-computed-properties\package.json
466 verbose installManyTop reading scoped package data from C:\reactnativedemo\Shop\node_modules\@babel\plugin-transform-destructuring\package.json
467 verbose installManyTop reading scoped package data from C:\reactnativedemo\Shop\node_modules\@babel\plugin-transform-exponentiation-operator\package.json
468 verbose installManyTop reading scoped package data from C:\reactnativedemo\Shop\node_modules\@babel\plugin-transform-flow-strip-types\package.json
469 verbose installManyTop reading scoped package data from C:\reactnativedemo\Shop\node_modules\@babel\plugin-transform-for-of\package.json
470 verbose installManyTop reading scoped package data from C:\reactnativedemo\Shop\node_modules\@babel\plugin-transform-function-name\package.json
471 verbose installManyTop reading scoped package data from C:\reactnativedemo\Shop\node_modules\@babel\plugin-transform-literals\package.json
472 verbose installManyTop reading scoped package data from C:\reactnativedemo\Shop\node_modules\@babel\plugin-transform-member-expression-literals\package.json
473 verbose installManyTop reading scoped package data from C:\reactnativedemo\Shop\node_modules\@babel\plugin-transform-modules-commonjs\package.json
474 verbose installManyTop reading scoped package data from C:\reactnativedemo\Shop\node_modules\@babel\plugin-transform-object-assign\package.json
475 verbose installManyTop reading scoped package data from C:\reactnativedemo\Shop\node_modules\@babel\plugin-transform-object-super\package.json
476 verbose installManyTop reading scoped package data from C:\reactnativedemo\Shop\node_modules\@babel\plugin-transform-parameters\package.json
477 verbose installManyTop reading scoped package data from C:\reactnativedemo\Shop\node_modules\@babel\plugin-transform-property-literals\package.json
478 verbose installManyTop reading scoped package data from C:\reactnativedemo\Shop\node_modules\@babel\plugin-transform-react-display-name\package.json
479 verbose installManyTop reading scoped package data from C:\reactnativedemo\Shop\node_modules\@babel\plugin-transform-react-jsx\package.json
480 verbose installManyTop reading scoped package data from C:\reactnativedemo\Shop\node_modules\@babel\plugin-transform-react-jsx-self\package.json
481 verbose installManyTop reading scoped package data from C:\reactnativedemo\Shop\node_modules\@babel\plugin-transform-react-jsx-source\package.json
482 verbose installManyTop reading scoped package data from C:\reactnativedemo\Shop\node_modules\@babel\plugin-transform-regenerator\package.json
483 verbose installManyTop reading scoped package data from C:\reactnativedemo\Shop\node_modules\@babel\plugin-transform-runtime\package.json
484 verbose installManyTop reading scoped package data from C:\reactnativedemo\Shop\node_modules\@babel\plugin-transform-shorthand-properties\package.json
485 verbose installManyTop reading scoped package data from C:\reactnativedemo\Shop\node_modules\@babel\plugin-transform-spread\package.json
486 verbose installManyTop reading scoped package data from C:\reactnativedemo\Shop\node_modules\@babel\plugin-transform-sticky-regex\package.json
487 verbose installManyTop reading scoped package data from C:\reactnativedemo\Shop\node_modules\@babel\plugin-transform-template-literals\package.json
488 verbose installManyTop reading scoped package data from C:\reactnativedemo\Shop\node_modules\@babel\plugin-transform-typescript\package.json
489 verbose installManyTop reading scoped package data from C:\reactnativedemo\Shop\node_modules\@babel\plugin-transform-unicode-regex\package.json
490 verbose installManyTop reading scoped package data from C:\reactnativedemo\Shop\node_modules\@babel\register\package.json
491 verbose installManyTop reading scoped package data from C:\reactnativedemo\Shop\node_modules\@babel\runtime\package.json
492 verbose installManyTop reading scoped package data from C:\reactnativedemo\Shop\node_modules\@babel\template\package.json
493 verbose installManyTop reading scoped package data from C:\reactnativedemo\Shop\node_modules\@babel\traverse\package.json
494 verbose installManyTop reading scoped package data from C:\reactnativedemo\Shop\node_modules\@babel\types\package.json
495 verbose installManyTop reading scoped package data from C:\reactnativedemo\Shop\node_modules\@cnakazawa\watch\package.json
496 verbose installManyTop reading scoped package data from C:\reactnativedemo\Shop\node_modules\@types\color-name\package.json
497 verbose installManyTop reading scoped package data from C:\reactnativedemo\Shop\node_modules\@types\istanbul-lib-coverage\package.json
498 verbose installManyTop reading scoped package data from C:\reactnativedemo\Shop\node_modules\@types\istanbul-lib-report\package.json
499 verbose installManyTop reading scoped package data from C:\reactnativedemo\Shop\node_modules\@types\istanbul-reports\package.json
500 verbose installManyTop reading scoped package data from C:\reactnativedemo\Shop\node_modules\@types\stack-utils\package.json
501 verbose installManyTop reading scoped package data from C:\reactnativedemo\Shop\node_modules\@types\yargs\package.json
502 verbose installManyTop reading scoped package data from C:\reactnativedemo\Shop\node_modules\@types\yargs-parser\package.json
503 verbose installManyTop reading scoped package data from C:\reactnativedemo\Shop\node_modules\@react-native-community\cli-debugger-ui\package.json
504 verbose installManyTop reading scoped package data from C:\reactnativedemo\Shop\node_modules\@react-native-community\cli-platform-android\package.json
505 verbose installManyTop reading scoped package data from C:\reactnativedemo\Shop\node_modules\@react-native-community\cli-platform-ios\package.json
506 verbose installManyTop reading scoped package data from C:\reactnativedemo\Shop\node_modules\@react-native-community\cli-server-api\package.json
507 verbose installManyTop reading scoped package data from C:\reactnativedemo\Shop\node_modules\@react-native-community\cli-tools\package.json
508 verbose installManyTop reading scoped package data from C:\reactnativedemo\Shop\node_modules\@react-native-community\cli-types\package.json
509 info package.json copy-descriptor@0.1.1 No README data
510 info package.json get-value@2.0.6 No README data
511 info package.json jest-get-type@24.9.0 No README data
512 info package.json jest-haste-map@24.9.0 No description
513 info package.json jest-haste-map@24.9.0 No README data
514 info package.json jest-message-util@24.9.0 No description
515 info package.json jest-message-util@24.9.0 No README data
516 info package.json jest-util@24.9.0 No description
517 info package.json jest-util@24.9.0 No README data
518 info package.json metro-babel-register@0.59.0 No README data
519 info package.json metro-babel-transformer@0.58.0 No README data
520 info package.json metro-cache@0.58.0 No README data
521 info package.json metro-inspector-proxy@0.58.0 No README data
522 info package.json metro-minify-uglify@0.58.0 No README data
523 info package.json metro-react-native-babel-transformer@0.59.0 No README data
524 info package.json metro-symbolicate@0.58.0 No README data
525 info package.json object-copy@0.1.0 No README data
526 info package.json setimmediate@1.0.5 No README data
527 info package.json static-extend@0.1.2 No README data
528 info package.json @jest/console@24.9.0 No description
529 info package.json @jest/console@24.9.0 No README data
530 info package.json @jest/fake-timers@24.9.0 No description
531 info package.json @jest/fake-timers@24.9.0 No README data
532 info package.json @jest/source-map@24.9.0 No description
533 info package.json @jest/source-map@24.9.0 No README data
534 info package.json @jest/test-result@24.9.0 No description
535 info package.json @jest/test-result@24.9.0 No README data
536 info package.json @jest/types@25.5.0 No description
537 info package.json @jest/types@25.5.0 No README data
538 info package.json @babel/helper-builder-react-jsx-experimental@7.10.5 No README data
539 info package.json @react-native-community/cli-debugger-ui@4.9.0 No description
540 info package.json @react-native-community/cli-debugger-ui@4.9.0 No repository field.
541 info package.json @react-native-community/cli-debugger-ui@4.9.0 No README data
542 info package.json @react-native-community/cli-platform-android@4.10.1 No description
543 info package.json @react-native-community/cli-platform-android@4.10.1 No repository field.
544 info package.json @react-native-community/cli-platform-android@4.10.1 No README data
545 info package.json @react-native-community/cli-platform-ios@4.10.1 No description
546 info package.json @react-native-community/cli-platform-ios@4.10.1 No repository field.
547 info package.json @react-native-community/cli-platform-ios@4.10.1 No README data
548 info package.json @react-native-community/cli-server-api@4.10.1 No description
549 info package.json @react-native-community/cli-server-api@4.10.1 No repository field.
550 info package.json @react-native-community/cli-server-api@4.10.1 No README data
551 info package.json @react-native-community/cli-tools@4.10.1 No description
552 info package.json @react-native-community/cli-tools@4.10.1 No repository field.
553 info package.json @react-native-community/cli-tools@4.10.1 No README data
554 info package.json @react-native-community/cli-types@4.10.1 No description
555 info package.json @react-native-community/cli-types@4.10.1 No repository field.
556 info package.json @react-native-community/cli-types@4.10.1 No README data
557 info package.json ansi-wrap@0.1.0 license should be a valid SPDX license expression
558 info package.json array-slice@0.2.3 license should be a valid SPDX license expression
559 info package.json gensync@1.0.0-beta.1 No repository field.
560 info package.json jsonify@0.0.0 license should be a valid SPDX license expression
561 info package.json options@0.0.6 No license field.
562 info package.json rx-lite@4.0.8 No license field.
563 info package.json rx-lite-aggregates@4.0.8 No license field.
564 info package.json string_decoder@1.1.1 string_decoder is also the name of a node core module.
565 info package.json use-subscription@1.4.1 No license field.
566 info package.json xmldoc@1.1.2 license should be a valid SPDX license expression
567 info package.json xmldom@0.1.31 license should be a valid SPDX license expression
568 verbose readDependencies loading dependencies from C:\reactnativedemo\Shop\package.json
569 silly cache add args [ 'react@16.13.1', null ]
570 verbose cache add spec react@16.13.1
571 silly cache add parsed spec Result {
571 silly cache add   raw: 'react@16.13.1',
571 silly cache add   scope: null,
571 silly cache add   name: 'react',
571 silly cache add   rawSpec: '16.13.1',
571 silly cache add   spec: '16.13.1',
571 silly cache add   type: 'version'
571 silly cache add }
572 silly addNamed react@16.13.1
573 verbose addNamed "16.13.1" is a plain semver version for react
574 silly mapToRegistry name react
575 silly mapToRegistry using default registry
576 silly mapToRegistry registry https://registry.npmjs.org/
577 silly mapToRegistry data Result {
577 silly mapToRegistry   raw: 'react',
577 silly mapToRegistry   scope: null,
577 silly mapToRegistry   name: 'react',
577 silly mapToRegistry   rawSpec: '',
577 silly mapToRegistry   spec: 'latest',
577 silly mapToRegistry   type: 'tag'
577 silly mapToRegistry }
578 silly mapToRegistry uri https://registry.npmjs.org/react
579 verbose addNameVersion registry:https://registry.npmjs.org/react not in flight; fetching
580 verbose request uri https://registry.npmjs.org/react
581 verbose request no auth needed
582 info attempt registry request try #1 at 12:00:17 PM
583 verbose request id 1d3f495e0f82f0b0
584 verbose etag W/"0605e6b8cb057ea855f6fd45ae2fe739"
585 verbose lastModified Fri, 17 Jul 2020 16:51:28 GMT
586 http request GET https://registry.npmjs.org/react
587 http 200 https://registry.npmjs.org/react
588 verbose headers {
588 verbose headers   date: 'Sat, 01 Aug 2020 06:30:16 GMT',
588 verbose headers   'content-type': 'application/json',
588 verbose headers   'transfer-encoding': 'chunked',
588 verbose headers   connection: 'keep-alive',
588 verbose headers   'set-cookie': [
588 verbose headers     '__cfduid=dcf0703c8422c9a978592a78446dd04441596263416; expires=Mon, 31-Aug-20 06:30:16 GMT; path=/; domain=.npmjs.org; HttpOnly; SameSite=Lax'
588 verbose headers   ],
588 verbose headers   'cf-ray': '5bbd8271faa0dc7d-MAA',
588 verbose headers   'cache-control': 'public, max-age=300',
588 verbose headers   etag: 'W/"7be3b96b3706c51f5fe0dae003f8d279"',
588 verbose headers   'last-modified': 'Fri, 31 Jul 2020 15:17:59 GMT',
588 verbose headers   vary: 'accept-encoding, accept',
588 verbose headers   'cf-cache-status': 'DYNAMIC',
588 verbose headers   'cf-request-id': '044a4fdb370000dc7de5108200000001',
588 verbose headers   'expect-ct': 'max-age=604800, report-uri="https://report-uri.cloudflare.com/cdn-cgi/beacon/expect-ct"',
588 verbose headers   server: 'cloudflare',
588 verbose headers   'content-encoding': 'gzip'
588 verbose headers }
589 silly get cb [
589 silly get   200,
589 silly get   {
589 silly get     date: 'Sat, 01 Aug 2020 06:30:16 GMT',
589 silly get     'content-type': 'application/json',
589 silly get     'transfer-encoding': 'chunked',
589 silly get     connection: 'keep-alive',
589 silly get     'set-cookie': [
589 silly get       '__cfduid=dcf0703c8422c9a978592a78446dd04441596263416; expires=Mon, 31-Aug-20 06:30:16 GMT; path=/; domain=.npmjs.org; HttpOnly; SameSite=Lax'
589 silly get     ],
589 silly get     'cf-ray': '5bbd8271faa0dc7d-MAA',
589 silly get     'cache-control': 'public, max-age=300',
589 silly get     etag: 'W/"7be3b96b3706c51f5fe0dae003f8d279"',
589 silly get     'last-modified': 'Fri, 31 Jul 2020 15:17:59 GMT',
589 silly get     vary: 'accept-encoding, accept',
589 silly get     'cf-cache-status': 'DYNAMIC',
589 silly get     'cf-request-id': '044a4fdb370000dc7de5108200000001',
589 silly get     'expect-ct': 'max-age=604800, report-uri="https://report-uri.cloudflare.com/cdn-cgi/beacon/expect-ct"',
589 silly get     server: 'cloudflare',
589 silly get     'content-encoding': 'gzip'
589 silly get   }
589 silly get ]
590 verbose get saving react to C:\Users\abhi\AppData\Roaming\npm-cache\registry.npmjs.org\react\.cache.json
591 verbose correctMkdir C:\Users\abhi\AppData\Roaming\npm-cache correctMkdir not in flight; initializing
592 silly mapToRegistry name react
593 silly mapToRegistry using default registry
594 silly mapToRegistry registry https://registry.npmjs.org/
595 silly mapToRegistry data Result {
595 silly mapToRegistry   raw: 'react',
595 silly mapToRegistry   scope: null,
595 silly mapToRegistry   name: 'react',
595 silly mapToRegistry   rawSpec: '',
595 silly mapToRegistry   spec: 'latest',
595 silly mapToRegistry   type: 'tag'
595 silly mapToRegistry }
596 silly mapToRegistry uri https://registry.npmjs.org/react
597 verbose addRemoteTarball https://registry.npmjs.org/react/-/react-16.13.1.tgz not in flight; adding
598 verbose addRemoteTarball [
598 verbose addRemoteTarball   'https://registry.npmjs.org/react/-/react-16.13.1.tgz',
598 verbose addRemoteTarball   '2e818822f1a9743122c063d6410d85c1e3afe48e'
598 verbose addRemoteTarball ]
599 info retry fetch attempt 1 at 12:00:18 PM
600 info attempt registry request try #1 at 12:00:18 PM
601 http fetch GET https://registry.npmjs.org/react/-/react-16.13.1.tgz
602 http fetch 200 https://registry.npmjs.org/react/-/react-16.13.1.tgz
603 silly fetchAndShaCheck shasum 2e818822f1a9743122c063d6410d85c1e3afe48e
604 verbose addTmpTarball C:\Users\abhi\AppData\Local\Temp\npm-5352-4a0e7ea2\registry.npmjs.org\react\-\react-16.13.1.tgz not in flight; adding
605 verbose addTmpTarball already have metadata; skipping unpack for react@16.13.1
606 verbose correctMkdir C:\Users\abhi\AppData\Roaming\npm-cache correctMkdir not in flight; initializing
607 silly cache afterAdd react@16.13.1
608 verbose afterAdd C:\Users\abhi\AppData\Roaming\npm-cache\react\16.13.1\package\package.json not in flight; writing
609 verbose correctMkdir C:\Users\abhi\AppData\Roaming\npm-cache correctMkdir not in flight; initializing
610 verbose afterAdd C:\Users\abhi\AppData\Roaming\npm-cache\react\16.13.1\package\package.json written
611 silly install resolved [
611 silly install resolved   {
611 silly install resolved     name: 'react',
611 silly install resolved     description: 'React is a JavaScript library for building user interfaces.',
611 silly install resolved     keywords: [ 'react' ],
611 silly install resolved     version: '16.13.1',
611 silly install resolved     homepage: 'https://reactjs.org/',
611 silly install resolved     bugs: { url: 'https://github.com/facebook/react/issues' },
611 silly install resolved     license: 'MIT',
611 silly install resolved     main: 'index.js',
611 silly install resolved     repository: {
611 silly install resolved       type: 'git',
611 silly install resolved       url: 'git+https://github.com/facebook/react.git',
611 silly install resolved       directory: 'packages/react'
611 silly install resolved     },
611 silly install resolved     engines: { node: '>=0.10.0' },
611 silly install resolved     dependencies: {
611 silly install resolved       'loose-envify': '^1.1.0',
611 silly install resolved       'object-assign': '^4.1.1',
611 silly install resolved       'prop-types': '^15.6.2'
611 silly install resolved     },
611 silly install resolved     browserify: { transform: [Array] },
611 silly install resolved     _id: 'react@16.13.1',
611 silly install resolved     _npmVersion: '6.4.1',
611 silly install resolved     _nodeVersion: '10.14.2',
611 silly install resolved     _npmUser: { name: 'acdlite', email: 'npm@andrewclark.io' },
611 silly install resolved     dist: {
611 silly install resolved       integrity: 'sha512-YMZQQq32xHLX0bz5Mnibv1/LHb3Sqzngu7xstSM+vrkE5Kzr9xE0yMByK5kMoTK30YVJE61WfbxIFFvfeDKT1w==',
611 silly install resolved       shasum: '2e818822f1a9743122c063d6410d85c1e3afe48e',
611 silly install resolved       tarball: 'https://registry.npmjs.org/react/-/react-16.13.1.tgz',
611 silly install resolved       fileCount: 10,
611 silly install resolved       unpackedSize: 203944,
611 silly install resolved       'npm-signature': '-----BEGIN PGP SIGNATURE-----\r\n' +
611 silly install resolved         'Version: OpenPGP.js v3.0.4\r\n' +
611 silly install resolved         'Comment: https://openpgpjs.org\r\n' +
611 silly install resolved         '\r\n' +
611 silly install resolved         'wsFcBAEBCAAQBQJec82pCRA9TVsSAnZWagAAPkoP/3K2vWM3t9pt1fWnDUbB\n' +
611 silly install resolved         'rDzNiBDyjreGiKH7WhpOEcL6xdLA+LPaL3NDMK0wet5LUW9UdjIz6WpmOR+p\n' +
611 silly install resolved         'xxkHFqt0nLnII0ZadvqBGNa4mGj90cM3y6Jg31NLgz0Qriry+fDYDRmgf9id\n' +
611 silly install resolved         '7SnO+x5O4PGD959QKBsSF301CUzcrGyxvMAk8q/RDUB0kJT/mM5o9MAPoPit\n' +
611 silly install resolved         'MWNXcjQSla6exno1B07wM2oqKQREGBuKQnPeQgrjGHvhxz6Wmy4Df80ojNmO\n' +
611 silly install resolved         'AG5WE826NqIkMWNUIekbZxWR1YSmtAucm/cazBwu+PsQX3i6zjb+06f0nTBv\n' +
611 silly install resolved         'h9A9qMTdQGinMc8i3Hr8MzVuWxbSb/MumQPtI32y9wq7BuyPOKJ27DRNMmO/\n' +
611 silly install resolved         '8CiAgtMvX4w+w0RC0VAn9PvxLaoGtv3yVYUXArK0Ui5F5rUHTHmQ6k5C5A/S\n' +
611 silly install resolved         '78Fiu37r0O3gtUan9zHLwsPjaoXp8FURZ1/zyX2vH1jl20+6lO/ABSadu6IN\n' +
611 silly install resolved         'zXu/Jx/aepqxWJHQ2vf1PPqYCpzn4/al2xe7pIitFJsclW866WJHFTiJu0Z3\n' +
611 silly install resolved         'UT97Xdo2I0cJlDX39V6f+BK4un8sPS5lTRwYTKZ3nzCJZZ3CTQ3Fh0BU7qzS\n' +
611 silly install resolved         'MArACkXTf1Cdh0FdDpJA5tizi/SxNTnFQI9NPiG4aqMrVfWNiBlvjeJaS/zG\n' +
611 silly install resolved         'TkOD\r\n' +
611 silly install resolved         '=AdOb\r\n' +
611 silly install resolved         '-----END PGP SIGNATURE-----\r\n'
611 silly install resolved     },
611 silly install resolved     maintainers: [
611 silly install resolved       [Object], [Object],
611 silly install resolved       [Object], [Object],
611 silly install resolved       [Object], [Object],
611 silly install resolved       [Object], [Object],
611 silly install resolved       [Object]
611 silly install resolved     ],
611 silly install resolved     directories: {},
611 silly install resolved     _npmOperationalInternal: {
611 silly install resolved       host: 's3://npm-registry-packages',
611 silly install resolved       tmp: 'tmp/react_16.13.1_1584647593149_0.7722148987139899'
611 silly install resolved     },
611 silly install resolved     _hasShrinkwrap: false,
611 silly install resolved     _shasum: '2e818822f1a9743122c063d6410d85c1e3afe48e',
611 silly install resolved     _resolved: 'https://registry.npmjs.org/react/-/react-16.13.1.tgz',
611 silly install resolved     _from: 'react@16.13.1'
611 silly install resolved   }
611 silly install resolved ]
612 info install react@16.13.1 into C:\reactnativedemo\Shop
613 info installOne react@16.13.1
614 verbose installOne of react to C:\reactnativedemo\Shop not in flight; installing
615 verbose correctMkdir C:\Users\abhi\AppData\Roaming\npm-cache\_locks correctMkdir not in flight; initializing
616 verbose lock using C:\Users\abhi\AppData\Roaming\npm-cache\_locks\react-6b7be2920085b2b2.lock for C:\reactnativedemo\Shop\node_modules\react
617 silly install write writing react 16.13.1 to C:\reactnativedemo\Shop\node_modules\react
618 verbose unbuild node_modules\react
619 silly gentlyRm C:\reactnativedemo\Shop\node_modules\react is being purged from base C:\reactnativedemo\Shop
620 verbose gentlyRm don't care about contents; nuking C:\reactnativedemo\Shop\node_modules\react
621 verbose tar unpack C:\Users\abhi\AppData\Roaming\npm-cache\react\16.13.1\package.tgz
622 verbose tar unpacking to C:\reactnativedemo\Shop\node_modules\react
623 silly gentlyRm C:\reactnativedemo\Shop\node_modules\react is being purged
624 verbose gentlyRm don't care about contents; nuking C:\reactnativedemo\Shop\node_modules\react
625 silly gunzTarPerm modes [ '777', '666' ]
626 silly gunzTarPerm extractEntry package.json
627 silly gunzTarPerm modified mode [ 'package.json', 420, 438 ]
628 silly gunzTarPerm extractEntry build-info.json
629 silly gunzTarPerm modified mode [ 'build-info.json', 420, 438 ]
630 silly gunzTarPerm extractEntry index.js
631 silly gunzTarPerm modified mode [ 'index.js', 420, 438 ]
632 silly gunzTarPerm extractEntry LICENSE
633 silly gunzTarPerm modified mode [ 'LICENSE', 420, 438 ]
634 silly gunzTarPerm extractEntry README.md
635 silly gunzTarPerm modified mode [ 'README.md', 420, 438 ]
636 silly gunzTarPerm extractEntry cjs/react.development.js
637 silly gunzTarPerm modified mode [ 'cjs/react.development.js', 420, 438 ]
638 silly gunzTarPerm extractEntry cjs/react.production.min.js
639 silly gunzTarPerm modified mode [ 'cjs/react.production.min.js', 420, 438 ]
640 silly gunzTarPerm extractEntry umd/react.development.js
641 silly gunzTarPerm modified mode [ 'umd/react.development.js', 420, 438 ]
642 silly gunzTarPerm extractEntry umd/react.production.min.js
643 silly gunzTarPerm modified mode [ 'umd/react.production.min.js', 420, 438 ]
644 silly gunzTarPerm extractEntry umd/react.profiling.min.js
645 silly gunzTarPerm modified mode [ 'umd/react.profiling.min.js', 420, 438 ]
646 verbose write writing to C:\reactnativedemo\Shop\node_modules\react\package.json
647 info preinstall react@16.13.1
648 verbose readDependencies loading dependencies from C:\reactnativedemo\Shop\node_modules\react\package.json
649 verbose readDependencies loading dependencies from C:\reactnativedemo\Shop\node_modules\react\package.json
650 silly install resolved []
651 verbose about to build C:\reactnativedemo\Shop\node_modules\react
652 info build C:\reactnativedemo\Shop\node_modules\react
653 info linkStuff react@16.13.1
654 silly linkStuff react@16.13.1 has C:\reactnativedemo\Shop\node_modules as its parent node_modules
655 verbose linkBins react@16.13.1
656 verbose linkMans react@16.13.1
657 verbose rebuildBundles react@16.13.1
658 info install react@16.13.1
659 info postinstall react@16.13.1
660 verbose unlock done using C:\Users\abhi\AppData\Roaming\npm-cache\_locks\react-6b7be2920085b2b2.lock for C:\reactnativedemo\Shop\node_modules\react
661 verbose validateInstall loading C:\reactnativedemo\Shop\package.json for validation
662 verbose stack Error: The package react-native@0.63.2 does not satisfy its siblings' peerDependencies requirements!
662 verbose stack     at C:\node_modules\npm\lib\install.js:125:32
662 verbose stack     at C:\node_modules\npm\lib\install.js:268:7
662 verbose stack     at C:\node_modules\npm\node_modules\read-installed\read-installed.js:142:5
662 verbose stack     at C:\node_modules\npm\node_modules\read-installed\read-installed.js:263:14
662 verbose stack     at cb (C:\node_modules\npm\node_modules\slide\lib\async-map.js:47:24)
662 verbose stack     at C:\node_modules\npm\node_modules\read-installed\read-installed.js:263:14
662 verbose stack     at cb (C:\node_modules\npm\node_modules\slide\lib\async-map.js:47:24)
662 verbose stack     at C:\node_modules\npm\node_modules\read-installed\read-installed.js:263:14
662 verbose stack     at cb (C:\node_modules\npm\node_modules\slide\lib\async-map.js:47:24)
662 verbose stack     at C:\node_modules\npm\node_modules\read-installed\read-installed.js:263:14
663 verbose cwd C:\reactnativedemo\Shop
664 error Windows_NT 10.0.18363
665 error argv "C:\\Program Files\\nodejs\\node.exe" "C:\\node_modules\\npm\\bin\\npm-cli.js" "install" "--save" "--save-exact" "react@16.13.1"
666 error node v14.5.0
667 error npm  v2.15.12
668 error code EPEERINVALID
669 error peerinvalid The package react-native@0.63.2 does not satisfy its siblings' peerDependencies requirements!
670 verbose exit [ 1, true ]
